c:\users\murder\documents\visual studio 2015\projects\area\area\release\area.res.resources
c:\users\murder\documents\visual studio 2015\projects\area\area\release\area.area_face.resources
c:\users\murder\documents\visual studio 2015\projects\area\area\release\vc140.pdb
c:\users\murder\documents\visual studio 2015\projects\area\area\release\area_face.obj
c:\users\murder\documents\visual studio 2015\projects\area\area\release\area.obj
c:\users\murder\documents\visual studio 2015\projects\area\area\release\.netframework,version=v4.0.assemblyattributes.obj
c:\users\murder\documents\visual studio 2015\projects\area\area\release\.netframework,version=v4.0.assemblyattributes.asm
c:\users\murder\documents\visual studio 2015\projects\area\release\area.exe
c:\users\murder\documents\visual studio 2015\projects\area\release\area.pdb
c:\users\murder\documents\visual studio 2015\projects\area\area\release\r.res
c:\users\murder\documents\visual studio 2015\projects\area\area\release\area.vcxproj.generateresource.cache
c:\users\murder\documents\visual studio 2015\projects\area\area\release\area.tlog\area.write.1u.tlog
c:\users\murder\documents\visual studio 2015\projects\area\area\release\area.tlog\cl.command.1.tlog
c:\users\murder\documents\visual studio 2015\projects\area\area\release\area.tlog\cl.read.1.tlog
c:\users\murder\documents\visual studio 2015\projects\area\area\release\area.tlog\cl.write.1.tlog
c:\users\murder\documents\visual studio 2015\projects\area\area\release\area.tlog\link.command.1.tlog
c:\users\murder\documents\visual studio 2015\projects\area\area\release\area.tlog\link.read.1.tlog
c:\users\murder\documents\visual studio 2015\projects\area\area\release\area.tlog\link.write.1.tlog
c:\users\murder\documents\visual studio 2015\projects\area\area\release\area.tlog\metagen.read.1.tlog
c:\users\murder\documents\visual studio 2015\projects\area\area\release\area.tlog\metagen.write.1.tlog
c:\users\murder\documents\visual studio 2015\projects\area\area\release\area.tlog\rc.command.1.tlog
c:\users\murder\documents\visual studio 2015\projects\area\area\release\area.tlog\rc.read.1.tlog
c:\users\murder\documents\visual studio 2015\projects\area\area\release\area.tlog\rc.write.1.tlog
c:\users\murder\documents\visual studio 2015\projects\area\area\release\area.tlog\rsaenh.dll.bi
c:\users\murder\documents\visual studio 2015\projects\area\area\release\area.tlog\tzres.dll.bi
