c:\users\murder\documents\visual studio 2015\projects\area\area\debug\area.res.resources
c:\users\murder\documents\visual studio 2015\projects\area\area\debug\area.area_face.resources
c:\users\murder\documents\visual studio 2015\projects\area\area\debug\vc140.pdb
c:\users\murder\documents\visual studio 2015\projects\area\area\debug\temp.obj
c:\users\murder\documents\visual studio 2015\projects\area\area\debug\area_face.obj
c:\users\murder\documents\visual studio 2015\projects\area\area\debug\area.obj
c:\users\murder\documents\visual studio 2015\projects\area\area\debug\.netframework,version=v4.0.assemblyattributes.obj
c:\users\murder\documents\visual studio 2015\projects\area\area\debug\.netframework,version=v4.0.assemblyattributes.asm
c:\users\murder\documents\visual studio 2015\projects\area\debug\area.exe
c:\users\murder\documents\visual studio 2015\projects\area\debug\area.pdb
c:\users\murder\documents\visual studio 2015\projects\area\area\debug\r.res
c:\users\murder\documents\visual studio 2015\projects\area\area\debug\area.vcxproj.generateresource.cache
c:\users\murder\documents\visual studio 2015\projects\area\area\debug\area.vcxprojresolveassemblyreference.cache
c:\users\murder\documents\visual studio 2015\projects\area\area\debug\area.tlog\area.write.1u.tlog
c:\users\murder\documents\visual studio 2015\projects\area\area\debug\area.tlog\cl.command.1.tlog
c:\users\murder\documents\visual studio 2015\projects\area\area\debug\area.tlog\cl.read.1.tlog
c:\users\murder\documents\visual studio 2015\projects\area\area\debug\area.tlog\cl.write.1.tlog
c:\users\murder\documents\visual studio 2015\projects\area\area\debug\area.tlog\link.command.1.tlog
c:\users\murder\documents\visual studio 2015\projects\area\area\debug\area.tlog\link.read.1.tlog
c:\users\murder\documents\visual studio 2015\projects\area\area\debug\area.tlog\link.write.1.tlog
c:\users\murder\documents\visual studio 2015\projects\area\area\debug\area.tlog\metagen.read.1.tlog
c:\users\murder\documents\visual studio 2015\projects\area\area\debug\area.tlog\metagen.write.1.tlog
c:\users\murder\documents\visual studio 2015\projects\area\area\debug\area.tlog\rc.command.1.tlog
c:\users\murder\documents\visual studio 2015\projects\area\area\debug\area.tlog\rc.read.1.tlog
c:\users\murder\documents\visual studio 2015\projects\area\area\debug\area.tlog\rc.write.1.tlog
c:\users\murder\documents\visual studio 2015\projects\area\area\debug\area.tlog\rsaenh.dll.bi
c:\users\murder\documents\visual studio 2015\projects\area\area\debug\area.tlog\tzres.dll.bi
