  Area.cpp
  Area_Face.cpp
  temp.cpp
temp.cpp(20): error C4235: использовано нестандартное расширение: ключевое слово "__asm" данной архитектурой не поддерживается
temp.cpp(23): error C2065: push: необъявленный идентификатор
temp.cpp(23): error C2146: синтаксическая ошибка: отсутствие ";" перед идентификатором "ecx"
temp.cpp(23): error C2065: ecx: необъявленный идентификатор
temp.cpp(23): error C2146: синтаксическая ошибка: отсутствие ";" перед идентификатором "mov"
temp.cpp(23): error C2065: mov: необъявленный идентификатор
temp.cpp(24): error C2146: синтаксическая ошибка: отсутствие ";" перед идентификатором "metka"
temp.cpp(26): error C2065: push: необъявленный идентификатор
temp.cpp(26): error C2146: синтаксическая ошибка: отсутствие ";" перед идентификатором "ecx"
temp.cpp(26): error C2065: ecx: необъявленный идентификатор
temp.cpp(26): error C2143: синтаксическая ошибка: отсутствие ";" перед "}"
temp.cpp(28): error C4235: использовано нестандартное расширение: ключевое слово "__asm" данной архитектурой не поддерживается
temp.cpp(31): error C2065: pop: необъявленный идентификатор
temp.cpp(31): error C2146: синтаксическая ошибка: отсутствие ";" перед идентификатором "ecx"
temp.cpp(31): error C2065: ecx: необъявленный идентификатор
temp.cpp(31): error C2146: синтаксическая ошибка: отсутствие ";" перед идентификатором "loop"
temp.cpp(32): error C2065: loop: необъявленный идентификатор
temp.cpp(32): error C2146: синтаксическая ошибка: отсутствие ";" перед идентификатором "metka"
temp.cpp(32): error C2065: metka: необъявленный идентификатор
temp.cpp(32): error C2146: синтаксическая ошибка: отсутствие ";" перед идентификатором "pop"
temp.cpp(33): error C2065: pop: необъявленный идентификатор
temp.cpp(33): error C2146: синтаксическая ошибка: отсутствие ";" перед идентификатором "ecx"
temp.cpp(33): error C2065: ecx: необъявленный идентификатор
temp.cpp(33): error C2143: синтаксическая ошибка: отсутствие ";" перед "}"
temp.cpp(40): warning C4267: инициализация: преобразование из "size_t" в "unsigned int"; возможна потеря данных
temp.cpp(41): error C4235: использовано нестандартное расширение: ключевое слово "__asm" данной архитектурой не поддерживается
temp.cpp(44): error C2065: push: необъявленный идентификатор
temp.cpp(44): error C2146: синтаксическая ошибка: отсутствие ";" перед идентификатором "ecx"
temp.cpp(44): error C2065: ecx: необъявленный идентификатор
temp.cpp(44): error C2146: синтаксическая ошибка: отсутствие ";" перед идентификатором "mov"
temp.cpp(44): error C2065: mov: необъявленный идентификатор
temp.cpp(45): error C2146: синтаксическая ошибка: отсутствие ";" перед идентификатором "metka"
temp.cpp(47): error C2065: push: необъявленный идентификатор
temp.cpp(47): error C2146: синтаксическая ошибка: отсутствие ";" перед идентификатором "ecx"
temp.cpp(47): error C2065: ecx: необъявленный идентификатор
temp.cpp(47): error C2143: синтаксическая ошибка: отсутствие ";" перед "}"
temp.cpp(49): error C4235: использовано нестандартное расширение: ключевое слово "__asm" данной архитектурой не поддерживается
temp.cpp(52): error C2065: pop: необъявленный идентификатор
temp.cpp(52): error C2146: синтаксическая ошибка: отсутствие ";" перед идентификатором "ecx"
temp.cpp(52): error C2065: ecx: необъявленный идентификатор
temp.cpp(52): error C2146: синтаксическая ошибка: отсутствие ";" перед идентификатором "inc"
temp.cpp(53): error C2065: inc: необъявленный идентификатор
temp.cpp(53): error C2146: синтаксическая ошибка: отсутствие ";" перед идентификатором "i"
temp.cpp(53): error C2146: синтаксическая ошибка: отсутствие ";" перед идентификатором "loop"
temp.cpp(54): error C2065: loop: необъявленный идентификатор
temp.cpp(54): error C2146: синтаксическая ошибка: отсутствие ";" перед идентификатором "metka"
temp.cpp(54): error C2065: metka: необъявленный идентификатор
temp.cpp(54): error C2146: синтаксическая ошибка: отсутствие ";" перед идентификатором "pop"
temp.cpp(55): error C2065: pop: необъявленный идентификатор
temp.cpp(55): error C2146: синтаксическая ошибка: отсутствие ";" перед идентификатором "ecx"
temp.cpp(55): error C2065: ecx: необъявленный идентификатор
temp.cpp(55): error C2143: синтаксическая ошибка: отсутствие ";" перед "}"
temp.cpp(71): warning C4267: инициализация: преобразование из "size_t" в "unsigned int"; возможна потеря данных
temp.cpp(72): error C4235: использовано нестандартное расширение: ключевое слово "__asm" данной архитектурой не поддерживается
temp.cpp(75): error C2065: push: необъявленный идентификатор
temp.cpp(75): error C2146: синтаксическая ошибка: отсутствие ";" перед идентификатором "ecx"
temp.cpp(75): error C2065: ecx: необъявленный идентификатор
temp.cpp(75): error C2146: синтаксическая ошибка: отсутствие ";" перед идентификатором "mov"
temp.cpp(75): error C2065: mov: необъявленный идентификатор
temp.cpp(76): error C2146: синтаксическая ошибка: отсутствие ";" перед идентификатором "metka"
temp.cpp(78): error C2065: push: необъявленный идентификатор
temp.cpp(78): error C2146: синтаксическая ошибка: отсутствие ";" перед идентификатором "ecx"
temp.cpp(78): error C2065: ecx: необъявленный идентификатор
temp.cpp(78): error C2143: синтаксическая ошибка: отсутствие ";" перед "}"
temp.cpp(80): error C4235: использовано нестандартное расширение: ключевое слово "__asm" данной архитектурой не поддерживается
temp.cpp(83): error C2065: pop: необъявленный идентификатор
temp.cpp(83): error C2146: синтаксическая ошибка: отсутствие ";" перед идентификатором "ecx"
temp.cpp(83): error C2065: ecx: необъявленный идентификатор
temp.cpp(83): error C2146: синтаксическая ошибка: отсутствие ";" перед идентификатором "inc"
temp.cpp(84): error C2065: inc: необъявленный идентификатор
temp.cpp(84): error C2146: синтаксическая ошибка: отсутствие ";" перед идентификатором "i"
temp.cpp(84): error C2146: синтаксическая ошибка: отсутствие ";" перед идентификатором "loop"
temp.cpp(85): error C2065: loop: необъявленный идентификатор
temp.cpp(85): error C2146: синтаксическая ошибка: отсутствие ";" перед идентификатором "metka"
temp.cpp(85): error C2065: metka: необъявленный идентификатор
temp.cpp(85): error C2146: синтаксическая ошибка: отсутствие ";" перед идентификатором "pop"
temp.cpp(86): error C2065: pop: необъявленный идентификатор
temp.cpp(86): error C2146: синтаксическая ошибка: отсутствие ";" перед идентификатором "ecx"
temp.cpp(86): error C2065: ecx: необъявленный идентификатор
temp.cpp(86): error C2143: синтаксическая ошибка: отсутствие ";" перед "}"
temp.cpp(108): warning C4267: аргумент: преобразование из "size_t" в "unsigned int"; возможна потеря данных
temp.cpp(109): warning C4267: инициализация: преобразование из "size_t" в "unsigned int"; возможна потеря данных
temp.cpp(113): error C4235: использовано нестандартное расширение: ключевое слово "__asm" данной архитектурой не поддерживается
temp.cpp(116): error C2065: push: необъявленный идентификатор
temp.cpp(116): error C2146: синтаксическая ошибка: отсутствие ";" перед идентификатором "ecx"
temp.cpp(116): error C2065: ecx: необъявленный идентификатор
temp.cpp(116): error C2146: синтаксическая ошибка: отсутствие ";" перед идентификатором "mov"
temp.cpp(116): error C2065: mov: необъявленный идентификатор
temp.cpp(117): error C2146: синтаксическая ошибка: отсутствие ";" перед идентификатором "metka"
temp.cpp(119): error C2065: push: необъявленный идентификатор
temp.cpp(119): error C2146: синтаксическая ошибка: отсутствие ";" перед идентификатором "ecx"
temp.cpp(119): error C2065: ecx: необъявленный идентификатор
temp.cpp(119): error C2143: синтаксическая ошибка: отсутствие ";" перед "}"
temp.cpp(122): error C4235: использовано нестандартное расширение: ключевое слово "__asm" данной архитектурой не поддерживается
temp.cpp(125): error C2065: pop: необъявленный идентификатор
temp.cpp(125): error C2146: синтаксическая ошибка: отсутствие ";" перед идентификатором "ecx"
temp.cpp(125): error C2065: ecx: необъявленный идентификатор
temp.cpp(125): error C2146: синтаксическая ошибка: отсутствие ";" перед идентификатором "inc"
temp.cpp(126): error C2065: inc: необъявленный идентификатор
temp.cpp(126): error C2146: синтаксическая ошибка: отсутствие ";" перед идентификатором "i"
temp.cpp(126): error C2146: синтаксическая ошибка: отсутствие ";" перед идентификатором "loop"
temp.cpp(127): error C2065: loop: необъявленный идентификатор
temp.cpp(127): error C2146: синтаксическая ошибка: отсутствие ";" перед идентификатором "metka"
temp.cpp(127): error C2065: metka: необъявленный идентификатор
temp.cpp(127): error C2146: синтаксическая ошибка: отсутствие ";" перед идентификатором "pop"
temp.cpp(128): error C2065: pop: необъявленный идентификатор
temp.cpp(128): error C2146: синтаксическая ошибка: отсутствие ";" перед идентификатором "ecx"
temp.cpp(128): error C2065: ecx: необъявленный идентификатор
temp.cpp(128): error C2143: синтаксическая ошибка: отсутствие ";" перед "}"
temp.cpp(153): error C4235: использовано нестандартное расширение: ключевое слово "__asm" данной архитектурой не поддерживается
temp.cpp(156): error C2065: push: необъявленный идентификатор
temp.cpp(156): error C2146: синтаксическая ошибка: отсутствие ";" перед идентификатором "ecx"
temp.cpp(156): error C2065: ecx: необъявленный идентификатор
temp.cpp(156): error C2146: синтаксическая ошибка: отсутствие ";" перед идентификатором "mov"
temp.cpp(156): fatal error C1003: число ошибок превышает 100; остановка компиляции
  Создание кода...
